±  |master ↑4 {4} U:3 ?:1 ✗| → python check_votes_data.py
2019-08-23 23:28:07,916 [WARNING] 21825 total for count mismatch - expected: 103, actual 104
2019-08-23 23:28:07,916 [WARNING] 21825 total against count mismatch - expected: 1, actual 0
2019-08-23 23:28:07,921 [WARNING] 22283 total for count mismatch - expected: 45, actual 46
2019-08-23 23:28:07,933 [WARNING] 23048 total against count mismatch - expected: 60, actual 61
2019-08-23 23:28:07,937 [WARNING] 23082 total against count mismatch - expected: 58, actual 59
2019-08-23 23:28:07,944 [WARNING] 23154 total for count mismatch - expected: 57, actual 58
2019-08-23 23:28:07,945 [WARNING] 23159 total for count mismatch - expected: 58, actual 59
2019-08-23 23:28:07,945 [WARNING] 23164 total against count mismatch - expected: 58, actual 59
2019-08-23 23:28:07,947 [WARNING] 23179 total for count mismatch - expected: 59, actual 60
2019-08-23 23:28:07,948 [WARNING] 23195 total for count mismatch - expected: 57, actual 59
2019-08-23 23:28:07,953 [WARNING] 23234 total for count mismatch - expected: 56, actual 57
2019-08-23 23:28:07,955 [WARNING] 23253 total against count mismatch - expected: 58, actual 59
2019-08-23 23:28:07,960 [WARNING] 23296 total against count mismatch - expected: 58, actual 59
2019-08-23 23:28:07,976 [WARNING] 23430 total against count mismatch - expected: 58, actual 59
2019-08-23 23:28:07,976 [WARNING] 23431 total against count mismatch - expected: 58, actual 59
2019-08-23 23:28:07,976 [WARNING] 23432 total against count mismatch - expected: 58, actual 59
2019-08-23 23:28:07,983 [WARNING] 23678 total for count mismatch - expected: 78, actual 79
2019-08-23 23:28:07,984 [WARNING] 23755 total passed count mismatch - expected: 0, actual 1, expected for: 54, actual for: 54, expected against: 53, actual against: 53
2019-08-23 23:28:07,985 [WARNING] 23860 total for count mismatch - expected: 41, actual 42
2019-08-23 23:28:07,985 [WARNING] 23862 total for count mismatch - expected: 41, actual 42
2019-08-23 23:28:07,986 [WARNING] 24141 total for count mismatch - expected: 32, actual 33
2019-08-23 23:28:07,987 [WARNING] 24142 total for count mismatch - expected: 51, actual 50
2019-08-23 23:28:07,987 [WARNING] 24142 total against count mismatch - expected: 38, actual 39
2019-08-23 23:28:07,988 [WARNING] 24368 total for count mismatch - expected: 10, actual 9
2019-08-23 23:28:07,988 [WARNING] 24368 total against count mismatch - expected: 45, actual 46
2019-08-23 23:28:07,989 [WARNING] 24626 total for count mismatch - expected: 35, actual 38
2019-08-23 23:28:07,989 [WARNING] 24627 total against count mismatch - expected: 31, actual 34
2019-08-23 23:28:07,990 [WARNING] 24628 total for count mismatch - expected: 31, actual 34
2019-08-23 23:28:07,990 [WARNING] 24629 total for count mismatch - expected: 31, actual 34
2019-08-23 23:28:07,990 [WARNING] 31293 total passed count mismatch - expected: 0, actual 1, expected for: 47, actual for: 47, expected against: 0, actual against: 0
2019-08-23 23:28:07,991 [WARNING] 31318 total against count mismatch - expected: 69, actual 70
2019-08-23 23:28:07,991 [WARNING] 31324 total against count mismatch - expected: 57, actual 58
2019-08-23 23:28:07,992 [WARNING] 31325 total against count mismatch - expected: 58, actual 59
2019-08-23 23:28:07,992 [WARNING] 31343 total passed count mismatch - expected: 0, actual 1, expected for: 29, actual for: 29, expected against: 0, actual against: 0
2019-08-23 23:28:07,994 [WARNING] 31414 total against count mismatch - expected: 64, actual 65
2019-08-23 23:28:07,995 [WARNING] 31467 total passed count mismatch - expected: 0, actual 1, expected for: 53, actual for: 53, expected against: 0, actual against: 0
2019-08-23 23:28:07,995 [WARNING] 31469 total passed count mismatch - expected: 0, actual 1, expected for: 55, actual for: 55, expected against: 0, actual against: 0
2019-08-23 23:28:07,996 [WARNING] 31471 total passed count mismatch - expected: 0, actual 1, expected for: 41, actual for: 41, expected against: 0, actual against: 0
2019-08-23 23:28:07,996 [WARNING] 31498 total for count mismatch - expected: 39, actual 40
2019-08-23 23:28:08,009 [WARNING] 22346 total against count mismatch - expected: 53, actual 54
2019-08-23 23:28:08,017 [WARNING] 22864 total for count mismatch - expected: 47, actual 48
2019-08-23 23:28:08,017 [WARNING] 22865 total for count mismatch - expected: 46, actual 47
2019-08-23 23:28:08,020 [WARNING] 22928 total for count mismatch - expected: 39, actual 37
2019-08-23 23:28:08,020 [WARNING] 22928 total against count mismatch - expected: 15, actual 18
2019-08-23 23:28:08,021 [WARNING] 23530 total for count mismatch - expected: 62, actual 63
2019-08-23 23:28:08,022 [WARNING] 23532 total for count mismatch - expected: 64, actual 63
2019-08-23 23:28:08,022 [WARNING] 23532 total against count mismatch - expected: 22, actual 24
2019-08-23 23:28:08,022 [WARNING] 23534 total for count mismatch - expected: 41, actual 44
2019-08-23 23:28:08,022 [WARNING] 23550 total for count mismatch - expected: 21, actual 22
2019-08-23 23:28:08,024 [WARNING] 23572 total for count mismatch - expected: 41, actual 40
2019-08-23 23:28:08,027 [WARNING] 23680 total for count mismatch - expected: 50, actual 51
2019-08-23 23:28:08,027 [WARNING] 23680 total against count mismatch - expected: 1, actual 0
2019-08-23 23:28:08,027 [WARNING] 23681 total for count mismatch - expected: 46, actual 47
2019-08-23 23:28:08,028 [WARNING] 23703 total passed count mismatch - expected: 0, actual 1, expected for: 39, actual for: 39, expected against: 0, actual against: 0
2019-08-23 23:28:08,028 [WARNING] 23704 total passed count mismatch - expected: 0, actual 1, expected for: 44, actual for: 44, expected against: 0, actual against: 0
2019-08-23 23:28:08,028 [WARNING] 23706 total passed count mismatch - expected: 0, actual 1, expected for: 36, actual for: 36, expected against: 0, actual against: 0
2019-08-23 23:28:08,031 [WARNING] 23736 total for count mismatch - expected: 35, actual 37
2019-08-23 23:28:08,031 [WARNING] 23736 total against count mismatch - expected: 41, actual 42
2019-08-23 23:28:08,038 [WARNING] 23861 total for count mismatch - expected: 46, actual 47
2019-08-23 23:28:08,040 [WARNING] 23928 total for count mismatch - expected: 45, actual 46
2019-08-23 23:28:08,040 [WARNING] 23929 total for count mismatch - expected: 48, actual 49
2019-08-23 23:28:08,041 [WARNING] 23930 total for count mismatch - expected: 50, actual 51
2019-08-23 23:28:08,041 [WARNING] 23931 total for count mismatch - expected: 47, actual 48
2019-08-23 23:28:08,041 [WARNING] 23932 total for count mismatch - expected: 47, actual 48
2019-08-23 23:28:08,041 [WARNING] 23933 total for count mismatch - expected: 48, actual 49
2019-08-23 23:28:08,042 [WARNING] 23934 total for count mismatch - expected: 48, actual 49
2019-08-23 23:28:08,042 [WARNING] 23935 total for count mismatch - expected: 29, actual 30
2019-08-23 23:28:08,042 [WARNING] 23936 total for count mismatch - expected: 35, actual 36
2019-08-23 23:28:08,045 [WARNING] 24009 total for count mismatch - expected: 29, actual 32
2019-08-23 23:28:08,046 [WARNING] 24042 total for count mismatch - expected: 23, actual 22
2019-08-23 23:28:08,046 [WARNING] 24043 total for count mismatch - expected: 21, actual 22
2019-08-23 23:28:08,050 [WARNING] 24230 total for count mismatch - expected: 46, actual 48
2019-08-23 23:28:08,050 [WARNING] 24230 total against count mismatch - expected: 2, actual 0
2019-08-23 23:28:08,054 [WARNING] 24423 total for count mismatch - expected: 51, actual 52
2019-08-23 23:28:08,054 [WARNING] 24436 total against count mismatch - expected: 39, actual 40
2019-08-23 23:28:08,058 [WARNING] 24630 total for count mismatch - expected: 39, actual 40
2019-08-23 23:28:08,059 [WARNING] 24678 total for count mismatch - expected: 55, actual 56
2019-08-23 23:28:08,059 [WARNING] 24679 total against count mismatch - expected: 45, actual 46
2019-08-23 23:28:08,059 [WARNING] 24680 total against count mismatch - expected: 49, actual 50
2019-08-23 23:28:08,059 [WARNING] 24681 total against count mismatch - expected: 49, actual 50
2019-08-23 23:28:08,060 [WARNING] 24712 total for count mismatch - expected: 15, actual 16
2019-08-23 23:28:08,060 [WARNING] 24713 total for count mismatch - expected: 9, actual 10
2019-08-23 23:28:08,064 [WARNING] 24892 total for count mismatch - expected: 48, actual 49
2019-08-23 23:28:08,064 [WARNING] 24893 total for count mismatch - expected: 48, actual 49
2019-08-23 23:28:08,064 [WARNING] 24894 total for count mismatch - expected: 49, actual 50
2019-08-23 23:28:08,065 [WARNING] 24895 total for count mismatch - expected: 49, actual 50
2019-08-23 23:28:08,065 [WARNING] 25014 total for count mismatch - expected: 46, actual 47
2019-08-23 23:28:08,067 [WARNING] 25077 total for count mismatch - expected: 13, actual 12
2019-08-23 23:28:08,067 [WARNING] 25078 total for count mismatch - expected: 16, actual 15
2019-08-23 23:28:08,068 [WARNING] 25079 total for count mismatch - expected: 17, actual 16
2019-08-23 23:28:08,068 [WARNING] 25080 total for count mismatch - expected: 21, actual 20
2019-08-23 23:28:08,068 [WARNING] 25081 total for count mismatch - expected: 20, actual 19
2019-08-23 23:28:08,068 [WARNING] 25083 total abstain count mismatch - expected: 3, actual 2
2019-08-23 23:28:08,068 [WARNING] 25085 total for count mismatch - expected: 21, actual 20
2019-08-23 23:28:08,068 [WARNING] 25086 total for count mismatch - expected: 20, actual 19
2019-08-23 23:28:08,068 [WARNING] 25087 total for count mismatch - expected: 21, actual 20
2019-08-23 23:28:08,068 [WARNING] 25089 total for count mismatch - expected: 21, actual 20
2019-08-23 23:28:08,069 [WARNING] 25090 total abstain count mismatch - expected: 1, actual 0
2019-08-23 23:28:08,069 [WARNING] 25091 total for count mismatch - expected: 18, actual 17
2019-08-23 23:28:08,069 [WARNING] 25092 total for count mismatch - expected: 23, actual 22
2019-08-23 23:28:08,069 [WARNING] 25100 total for count mismatch - expected: 48, actual 49
2019-08-23 23:28:08,069 [WARNING] 25102 total for count mismatch - expected: 29, actual 30
2019-08-23 23:28:08,069 [WARNING] 25103 total for count mismatch - expected: 27, actual 28
2019-08-23 23:28:08,070 [WARNING] 25108 total against count mismatch - expected: 13, actual 14
2019-08-23 23:28:08,070 [WARNING] 25113 total for count mismatch - expected: 33, actual 34
2019-08-23 23:28:08,070 [WARNING] 25115 total against count mismatch - expected: 35, actual 36
2019-08-23 23:28:08,070 [WARNING] 25116 total for count mismatch - expected: 54, actual 55
2019-08-23 23:28:08,080 [WARNING] 25427 total against count mismatch - expected: 52, actual 53
2019-08-23 23:28:08,081 [WARNING] 25438 total for count mismatch - expected: 91, actual 92
2019-08-23 23:28:08,081 [WARNING] 25439 total for count mismatch - expected: 60, actual 61
2019-08-23 23:28:08,081 [WARNING] 25440 total for count mismatch - expected: 60, actual 61
2019-08-23 23:28:08,081 [WARNING] 25441 total for count mismatch - expected: 60, actual 61
2019-08-23 23:28:08,082 [WARNING] 25442 total for count mismatch - expected: 60, actual 61
2019-08-23 23:28:08,083 [WARNING] 25469 total for count mismatch - expected: 19, actual 18
2019-08-23 23:28:08,083 [WARNING] 25469 total against count mismatch - expected: 77, actual 78
2019-08-23 23:28:08,083 [WARNING] 25471 total for count mismatch - expected: 37, actual 38
2019-08-23 23:28:08,085 [WARNING] 25621 total for count mismatch - expected: 59, actual 60
2019-08-23 23:28:08,086 [WARNING] 25638 total against count mismatch - expected: 51, actual 52
2019-08-23 23:28:08,086 [WARNING] 25639 total against count mismatch - expected: 48, actual 49
2019-08-23 23:28:08,086 [WARNING] 25640 total against count mismatch - expected: 39, actual 41
2019-08-23 23:28:08,086 [WARNING] 25646 total for count mismatch - expected: 57, actual 58
2019-08-23 23:28:08,120 [WARNING] 26235 total against count mismatch - expected: 37, actual 39
2019-08-23 23:28:08,120 [WARNING] 26236 total for count mismatch - expected: 64, actual 66
2019-08-23 23:28:08,121 [WARNING] 26237 total against count mismatch - expected: 35, actual 37
2019-08-23 23:28:08,121 [WARNING] 26238 total for count mismatch - expected: 65, actual 67
2019-08-23 23:28:08,121 [WARNING] 26239 total against count mismatch - expected: 37, actual 39
2019-08-23 23:28:08,121 [WARNING] 26240 total for count mismatch - expected: 64, actual 66
2019-08-23 23:28:08,122 [WARNING] 26241 total for count mismatch - expected: 64, actual 66
2019-08-23 23:28:08,126 [WARNING] 26351 total for count mismatch - expected: 34, actual 35
2019-08-23 23:28:08,134 [WARNING] 26582 total for count mismatch - expected: 39, actual 40
2019-08-23 23:28:08,135 [WARNING] 26672 total for count mismatch - expected: 50, actual 51
2019-08-23 23:28:08,135 [WARNING] 26673 total for count mismatch - expected: 51, actual 52
2019-08-23 23:28:08,139 [WARNING] 26746 total for count mismatch - expected: 36, actual 37
2019-08-23 23:28:08,141 [WARNING] 26895 total against count mismatch - expected: 50, actual 54
2019-08-23 23:28:08,142 [WARNING] 26896 total against count mismatch - expected: 49, actual 53
2019-08-23 23:28:08,142 [WARNING] 26897 total against count mismatch - expected: 49, actual 53
2019-08-23 23:28:08,142 [WARNING] 26898 total against count mismatch - expected: 49, actual 53
2019-08-23 23:28:08,148 [WARNING] 27048 total for count mismatch - expected: 58, actual 59
2019-08-23 23:28:08,151 [WARNING] 27292 total for count mismatch - expected: 41, actual 40
2019-08-23 23:28:08,151 [WARNING] 27323 total against count mismatch - expected: 39, actual 40
2019-08-23 23:28:08,153 [WARNING] 27451 total for count mismatch - expected: 56, actual 57
2019-08-23 23:28:08,153 [WARNING] 27452 total for count mismatch - expected: 66, actual 67
2019-08-23 23:28:08,153 [WARNING] 27454 total for count mismatch - expected: 49, actual 51
2019-08-23 23:28:08,153 [WARNING] 27455 total for count mismatch - expected: 44, actual 45
2019-08-23 23:28:08,159 [WARNING] 27660 total for count mismatch - expected: 95, actual 96
2019-08-23 23:28:08,161 [WARNING] 27713 total for count mismatch - expected: 31, actual 32
2019-08-23 23:28:08,161 [WARNING] 27746 cannot be checked as it's missing from the voting result csv
2019-08-23 23:28:08,163 [WARNING] 27917 total against count mismatch - expected: 54, actual 55
2019-08-23 23:28:08,164 [WARNING] 27930 total for count mismatch - expected: 12, actual 13
2019-08-23 23:28:08,165 [WARNING] 27959 total against count mismatch - expected: 52, actual 54
2019-08-23 23:28:08,165 [WARNING] 27960 total against count mismatch - expected: 47, actual 49
2019-08-23 23:28:08,165 [WARNING] 27961 total against count mismatch - expected: 45, actual 46
2019-08-23 23:28:08,166 [WARNING] 27962 total for count mismatch - expected: 74, actual 75
2019-08-23 23:28:08,166 [WARNING] 27963 total against count mismatch - expected: 46, actual 48
2019-08-23 23:28:08,166 [WARNING] 27964 total against count mismatch - expected: 43, actual 46
2019-08-23 23:28:08,168 [WARNING] 28007 total for count mismatch - expected: 52, actual 53
2019-08-23 23:28:08,170 [WARNING] 28028 total for count mismatch - expected: 53, actual 54
2019-08-23 23:28:08,170 [WARNING] 28030 total for count mismatch - expected: 53, actual 54
2019-08-23 23:28:08,174 [WARNING] 28066 total for count mismatch - expected: 52, actual 53
2019-08-23 23:28:08,174 [WARNING] 28067 total for count mismatch - expected: 53, actual 54
2019-08-23 23:28:08,180 [WARNING] 28097 total for count mismatch - expected: 52, actual 53
2019-08-23 23:28:08,180 [WARNING] 28099 total for count mismatch - expected: 52, actual 53
2019-08-23 23:28:08,207 [WARNING] 28444 total against count mismatch - expected: 57, actual 58
2019-08-23 23:28:08,207 [WARNING] 28445 total passed count mismatch - expected: 0, actual 1, expected for: 57, actual for: 58, expected against: 57, actual against: 57
2019-08-23 23:28:08,207 [WARNING] 28445 total for count mismatch - expected: 57, actual 58
2019-08-23 23:28:08,207 [WARNING] 28446 total against count mismatch - expected: 57, actual 58
2019-08-23 23:28:08,207 [WARNING] 28447 total against count mismatch - expected: 57, actual 58
2019-08-23 23:28:08,208 [WARNING] 28448 total against count mismatch - expected: 57, actual 58
2019-08-23 23:28:08,208 [WARNING] 28449 total against count mismatch - expected: 57, actual 58
2019-08-23 23:28:08,208 [WARNING] 28450 total against count mismatch - expected: 57, actual 58
2019-08-23 23:28:08,208 [WARNING] 28451 total against count mismatch - expected: 57, actual 58
2019-08-23 23:28:08,209 [WARNING] 28452 total against count mismatch - expected: 57, actual 58
2019-08-23 23:28:08,209 [WARNING] 28453 total against count mismatch - expected: 57, actual 58
2019-08-23 23:28:08,209 [WARNING] 28454 total against count mismatch - expected: 57, actual 58
2019-08-23 23:28:08,209 [WARNING] 28455 total against count mismatch - expected: 57, actual 58
2019-08-23 23:28:08,209 [WARNING] 28456 total against count mismatch - expected: 57, actual 58
2019-08-23 23:28:08,210 [WARNING] 28457 total against count mismatch - expected: 57, actual 58
2019-08-23 23:28:08,210 [WARNING] 28458 total against count mismatch - expected: 57, actual 58
2019-08-23 23:28:08,210 [WARNING] 28459 total against count mismatch - expected: 57, actual 58
2019-08-23 23:28:08,210 [WARNING] 28460 total against count mismatch - expected: 57, actual 58
2019-08-23 23:28:08,211 [WARNING] 28461 total against count mismatch - expected: 57, actual 58
2019-08-23 23:28:08,211 [WARNING] 28462 total against count mismatch - expected: 57, actual 58
2019-08-23 23:28:08,211 [WARNING] 28463 total against count mismatch - expected: 57, actual 58
2019-08-23 23:28:08,211 [WARNING] 28464 total against count mismatch - expected: 57, actual 58
2019-08-23 23:28:08,211 [WARNING] 28465 total against count mismatch - expected: 57, actual 58
2019-08-23 23:28:08,212 [WARNING] 28466 total for count mismatch - expected: 56, actual 57
2019-08-23 23:28:08,212 [WARNING] 28466 total against count mismatch - expected: 57, actual 58
2019-08-23 23:28:08,212 [WARNING] 28467 total against count mismatch - expected: 57, actual 58
2019-08-23 23:28:08,212 [WARNING] 28468 total against count mismatch - expected: 57, actual 58
2019-08-23 23:28:08,212 [WARNING] 28469 total against count mismatch - expected: 57, actual 58
2019-08-23 23:28:08,213 [WARNING] 28470 total against count mismatch - expected: 57, actual 58
2019-08-23 23:28:08,213 [WARNING] 28471 total against count mismatch - expected: 57, actual 58
2019-08-23 23:28:08,213 [WARNING] 28472 total against count mismatch - expected: 57, actual 58
2019-08-23 23:28:08,213 [WARNING] 28473 total against count mismatch - expected: 57, actual 58
2019-08-23 23:28:08,214 [WARNING] 28474 total for count mismatch - expected: 70, actual 71
2019-08-23 23:28:08,214 [WARNING] 28475 total against count mismatch - expected: 57, actual 58
2019-08-23 23:28:08,214 [WARNING] 28476 total against count mismatch - expected: 57, actual 58
2019-08-23 23:28:08,214 [WARNING] 28477 total against count mismatch - expected: 57, actual 58
2019-08-23 23:28:08,215 [WARNING] 28478 total against count mismatch - expected: 57, actual 58
2019-08-23 23:28:08,216 [WARNING] 28479 total against count mismatch - expected: 57, actual 58
2019-08-23 23:28:08,216 [WARNING] 28480 total against count mismatch - expected: 57, actual 58
2019-08-23 23:28:08,216 [WARNING] 28481 total against count mismatch - expected: 57, actual 58
2019-08-23 23:28:08,217 [WARNING] 28482 total against count mismatch - expected: 57, actual 58
2019-08-23 23:28:08,217 [WARNING] 28483 total against count mismatch - expected: 57, actual 58
2019-08-23 23:28:08,217 [WARNING] 28484 total against count mismatch - expected: 57, actual 58
2019-08-23 23:28:08,217 [WARNING] 28485 total against count mismatch - expected: 57, actual 58
2019-08-23 23:28:08,218 [WARNING] 28486 total against count mismatch - expected: 57, actual 58
2019-08-23 23:28:08,218 [WARNING] 28487 total against count mismatch - expected: 57, actual 58
2019-08-23 23:28:08,218 [WARNING] 28488 total against count mismatch - expected: 57, actual 58
2019-08-23 23:28:08,218 [WARNING] 28489 total against count mismatch - expected: 57, actual 58
2019-08-23 23:28:08,219 [WARNING] 28490 total against count mismatch - expected: 57, actual 58
2019-08-23 23:28:08,219 [WARNING] 28491 total against count mismatch - expected: 57, actual 58
2019-08-23 23:28:08,219 [WARNING] 28492 total against count mismatch - expected: 57, actual 58
2019-08-23 23:28:08,219 [WARNING] 28493 total against count mismatch - expected: 57, actual 58
2019-08-23 23:28:08,220 [WARNING] 28494 total against count mismatch - expected: 57, actual 58
2019-08-23 23:28:08,220 [WARNING] 28495 total against count mismatch - expected: 56, actual 57
2019-08-23 23:28:08,220 [WARNING] 28496 total against count mismatch - expected: 57, actual 58
2019-08-23 23:28:08,220 [WARNING] 28497 total against count mismatch - expected: 57, actual 58
2019-08-23 23:28:08,221 [WARNING] 28498 total against count mismatch - expected: 57, actual 58
2019-08-23 23:28:08,221 [WARNING] 28499 total against count mismatch - expected: 57, actual 58
2019-08-23 23:28:08,221 [WARNING] 28500 total against count mismatch - expected: 57, actual 58
2019-08-23 23:28:08,221 [WARNING] 28501 total against count mismatch - expected: 57, actual 58
2019-08-23 23:28:08,222 [WARNING] 28502 total against count mismatch - expected: 57, actual 58
2019-08-23 23:28:08,222 [WARNING] 28503 total against count mismatch - expected: 57, actual 58
2019-08-23 23:28:08,222 [WARNING] 28504 total against count mismatch - expected: 57, actual 58
2019-08-23 23:28:08,222 [WARNING] 28505 total against count mismatch - expected: 57, actual 58
2019-08-23 23:28:08,222 [WARNING] 28506 total against count mismatch - expected: 57, actual 58
2019-08-23 23:28:08,222 [WARNING] 28507 total against count mismatch - expected: 57, actual 58
2019-08-23 23:28:08,223 [WARNING] 28508 total against count mismatch - expected: 57, actual 58
2019-08-23 23:28:08,223 [WARNING] 28509 total against count mismatch - expected: 57, actual 58
2019-08-23 23:28:08,223 [WARNING] 28510 total against count mismatch - expected: 57, actual 58
2019-08-23 23:28:08,223 [WARNING] 28511 total against count mismatch - expected: 57, actual 58
2019-08-23 23:28:08,223 [WARNING] 28512 total against count mismatch - expected: 57, actual 58
2019-08-23 23:28:08,224 [WARNING] 28513 total against count mismatch - expected: 57, actual 58
2019-08-23 23:28:08,224 [WARNING] 28514 total against count mismatch - expected: 57, actual 58
2019-08-23 23:28:08,224 [WARNING] 28515 total against count mismatch - expected: 57, actual 58
2019-08-23 23:28:08,224 [WARNING] 28516 total against count mismatch - expected: 57, actual 58
2019-08-23 23:28:08,225 [WARNING] 28517 total against count mismatch - expected: 57, actual 58
2019-08-23 23:28:08,225 [WARNING] 28518 total against count mismatch - expected: 57, actual 58
2019-08-23 23:28:08,225 [WARNING] 28519 total against count mismatch - expected: 57, actual 58
2019-08-23 23:28:08,226 [WARNING] 28520 total against count mismatch - expected: 55, actual 56
2019-08-23 23:28:08,226 [WARNING] 28521 total against count mismatch - expected: 57, actual 58
2019-08-23 23:28:08,226 [WARNING] 28522 total against count mismatch - expected: 57, actual 58
2019-08-23 23:28:08,226 [WARNING] 28523 total against count mismatch - expected: 57, actual 58
2019-08-23 23:28:08,227 [WARNING] 28524 total against count mismatch - expected: 57, actual 58
2019-08-23 23:28:08,227 [WARNING] 28525 total against count mismatch - expected: 57, actual 58
2019-08-23 23:28:08,227 [WARNING] 28526 total against count mismatch - expected: 57, actual 58
2019-08-23 23:28:08,227 [WARNING] 28527 total against count mismatch - expected: 57, actual 58
2019-08-23 23:28:08,227 [WARNING] 28528 total against count mismatch - expected: 57, actual 58
2019-08-23 23:28:08,227 [WARNING] 28529 total against count mismatch - expected: 57, actual 58
2019-08-23 23:28:08,228 [WARNING] 28530 total against count mismatch - expected: 57, actual 58
2019-08-23 23:28:08,228 [WARNING] 28531 total against count mismatch - expected: 57, actual 58
2019-08-23 23:28:08,228 [WARNING] 28532 total against count mismatch - expected: 57, actual 58
2019-08-23 23:28:08,228 [WARNING] 28533 total against count mismatch - expected: 57, actual 58
2019-08-23 23:28:08,228 [WARNING] 28534 total against count mismatch - expected: 57, actual 58
2019-08-23 23:28:08,228 [WARNING] 28535 total against count mismatch - expected: 57, actual 58
2019-08-23 23:28:08,229 [WARNING] 28536 total against count mismatch - expected: 57, actual 58
2019-08-23 23:28:08,229 [WARNING] 28537 total against count mismatch - expected: 57, actual 58
2019-08-23 23:28:08,229 [WARNING] 28538 total against count mismatch - expected: 57, actual 58
2019-08-23 23:28:08,229 [WARNING] 28539 total against count mismatch - expected: 57, actual 58
2019-08-23 23:28:08,229 [WARNING] 28540 total against count mismatch - expected: 57, actual 58
2019-08-23 23:28:08,229 [WARNING] 28541 total against count mismatch - expected: 57, actual 58
2019-08-23 23:28:08,230 [WARNING] 28542 total against count mismatch - expected: 57, actual 58
2019-08-23 23:28:08,230 [WARNING] 28543 total against count mismatch - expected: 57, actual 58
2019-08-23 23:28:08,230 [WARNING] 28544 total against count mismatch - expected: 57, actual 58
2019-08-23 23:28:08,230 [WARNING] 28545 total against count mismatch - expected: 57, actual 58
2019-08-23 23:28:08,230 [WARNING] 28546 total against count mismatch - expected: 57, actual 58
2019-08-23 23:28:08,231 [WARNING] 28547 total against count mismatch - expected: 57, actual 58
2019-08-23 23:28:08,231 [WARNING] 28548 total against count mismatch - expected: 57, actual 58
2019-08-23 23:28:08,231 [WARNING] 28549 total against count mismatch - expected: 57, actual 58
2019-08-23 23:28:08,231 [WARNING] 28550 total against count mismatch - expected: 57, actual 58
2019-08-23 23:28:08,232 [WARNING] 28551 total against count mismatch - expected: 57, actual 58
2019-08-23 23:28:08,232 [WARNING] 28552 total against count mismatch - expected: 57, actual 58
2019-08-23 23:28:08,232 [WARNING] 28553 total against count mismatch - expected: 57, actual 58
2019-08-23 23:28:08,232 [WARNING] 28554 total against count mismatch - expected: 57, actual 58
2019-08-23 23:28:08,232 [WARNING] 28555 total against count mismatch - expected: 57, actual 58
2019-08-23 23:28:08,233 [WARNING] 28556 total against count mismatch - expected: 57, actual 58
2019-08-23 23:28:08,233 [WARNING] 28557 total against count mismatch - expected: 57, actual 58
2019-08-23 23:28:08,233 [WARNING] 28558 total against count mismatch - expected: 57, actual 58
2019-08-23 23:28:08,233 [WARNING] 28559 total against count mismatch - expected: 57, actual 58
2019-08-23 23:28:08,233 [WARNING] 28560 total against count mismatch - expected: 57, actual 58
2019-08-23 23:28:08,234 [WARNING] 28561 total against count mismatch - expected: 57, actual 58
2019-08-23 23:28:08,234 [WARNING] 28562 total against count mismatch - expected: 57, actual 58
2019-08-23 23:28:08,234 [WARNING] 28563 total against count mismatch - expected: 57, actual 58
2019-08-23 23:28:08,234 [WARNING] 28564 total against count mismatch - expected: 57, actual 58
2019-08-23 23:28:08,234 [WARNING] 28565 total against count mismatch - expected: 57, actual 58
2019-08-23 23:28:08,234 [WARNING] 28566 total against count mismatch - expected: 57, actual 58
2019-08-23 23:28:08,235 [WARNING] 28567 total against count mismatch - expected: 57, actual 58
2019-08-23 23:28:08,235 [WARNING] 28568 total passed count mismatch - expected: 0, actual 1, expected for: 57, actual for: 58, expected against: 57, actual against: 57
2019-08-23 23:28:08,235 [WARNING] 28568 total for count mismatch - expected: 57, actual 58
2019-08-23 23:28:08,241 [WARNING] 28682 total for count mismatch - expected: 34, actual 35
2019-08-23 23:28:08,242 [WARNING] 28691 total for count mismatch - expected: 24, actual 25
2019-08-23 23:28:08,245 [WARNING] 28808 total for count mismatch - expected: 46, actual 47
2019-08-23 23:28:08,249 [WARNING] 28884 total against count mismatch - expected: 33, actual 34
2019-08-23 23:28:08,249 [WARNING] 28885 total for count mismatch - expected: 36, actual 37
2019-08-23 23:28:08,250 [WARNING] 28938 total for count mismatch - expected: 48, actual 49
2019-08-23 23:28:08,251 [WARNING] 29047 total for count mismatch - expected: 68, actual 69
2019-08-23 23:28:08,252 [WARNING] 29073 total for count mismatch - expected: 52, actual 53
2019-08-23 23:28:08,252 [WARNING] 29091 total for count mismatch - expected: 82, actual 83
2019-08-23 23:28:08,253 [WARNING] 29106 total for count mismatch - expected: 63, actual 64
2019-08-23 23:28:08,254 [WARNING] 29107 total against count mismatch - expected: 63, actual 64
2019-08-23 23:28:08,254 [WARNING] 29108 total against count mismatch - expected: 63, actual 64
2019-08-23 23:28:08,254 [WARNING] 29109 total against count mismatch - expected: 63, actual 64
2019-08-23 23:28:08,254 [WARNING] 29110 total against count mismatch - expected: 63, actual 64
2019-08-23 23:28:08,255 [WARNING] 29111 total against count mismatch - expected: 63, actual 64
2019-08-23 23:28:08,255 [WARNING] 29112 total against count mismatch - expected: 63, actual 64
2019-08-23 23:28:08,255 [WARNING] 29113 total against count mismatch - expected: 62, actual 63
2019-08-23 23:28:08,255 [WARNING] 29114 total against count mismatch - expected: 63, actual 64
2019-08-23 23:28:08,256 [WARNING] 29115 total against count mismatch - expected: 63, actual 64
2019-08-23 23:28:08,256 [WARNING] 29116 total against count mismatch - expected: 63, actual 64
2019-08-23 23:28:08,256 [WARNING] 29117 total against count mismatch - expected: 63, actual 64
2019-08-23 23:28:08,257 [WARNING] 29118 total against count mismatch - expected: 61, actual 62
2019-08-23 23:28:08,257 [WARNING] 29120 total against count mismatch - expected: 62, actual 63
2019-08-23 23:28:08,257 [WARNING] 29121 total against count mismatch - expected: 63, actual 64
2019-08-23 23:28:08,257 [WARNING] 29122 total against count mismatch - expected: 63, actual 64
2019-08-23 23:28:08,257 [WARNING] 29123 total against count mismatch - expected: 62, actual 63
2019-08-23 23:28:08,258 [WARNING] 29124 total against count mismatch - expected: 61, actual 62
2019-08-23 23:28:08,258 [WARNING] 29125 total against count mismatch - expected: 63, actual 64
2019-08-23 23:28:08,258 [WARNING] 29126 total against count mismatch - expected: 63, actual 64
2019-08-23 23:28:08,258 [WARNING] 29127 total against count mismatch - expected: 62, actual 63
2019-08-23 23:28:08,258 [WARNING] 29128 total against count mismatch - expected: 62, actual 63
2019-08-23 23:28:08,259 [WARNING] 29129 total against count mismatch - expected: 62, actual 63
2019-08-23 23:28:08,259 [WARNING] 29130 total against count mismatch - expected: 62, actual 63
2019-08-23 23:28:08,259 [WARNING] 29131 total for count mismatch - expected: 61, actual 62
2019-08-23 23:28:08,259 [WARNING] 29132 total against count mismatch - expected: 63, actual 64
2019-08-23 23:28:08,260 [WARNING] 29133 total against count mismatch - expected: 62, actual 63
2019-08-23 23:28:08,260 [WARNING] 29134 total against count mismatch - expected: 63, actual 64
2019-08-23 23:28:08,260 [WARNING] 29135 total against count mismatch - expected: 62, actual 63
2019-08-23 23:28:08,260 [WARNING] 29136 total against count mismatch - expected: 61, actual 62
2019-08-23 23:28:08,260 [WARNING] 29137 total against count mismatch - expected: 61, actual 62
2019-08-23 23:28:08,261 [WARNING] 29138 total against count mismatch - expected: 62, actual 63
2019-08-23 23:28:08,261 [WARNING] 29139 total against count mismatch - expected: 62, actual 63
2019-08-23 23:28:08,261 [WARNING] 29140 total against count mismatch - expected: 61, actual 62
2019-08-23 23:28:08,261 [WARNING] 29141 total against count mismatch - expected: 61, actual 62
2019-08-23 23:28:08,261 [WARNING] 29142 total against count mismatch - expected: 62, actual 63
2019-08-23 23:28:08,262 [WARNING] 29143 total against count mismatch - expected: 61, actual 62
2019-08-23 23:28:08,262 [WARNING] 29144 total against count mismatch - expected: 61, actual 62
2019-08-23 23:28:08,262 [WARNING] 29145 total against count mismatch - expected: 61, actual 62
2019-08-23 23:28:08,262 [WARNING] 29146 total against count mismatch - expected: 61, actual 62
2019-08-23 23:28:08,262 [WARNING] 29147 total against count mismatch - expected: 61, actual 62
2019-08-23 23:28:08,263 [WARNING] 29148 total against count mismatch - expected: 62, actual 63
2019-08-23 23:28:08,263 [WARNING] 29149 total against count mismatch - expected: 61, actual 62
2019-08-23 23:28:08,263 [WARNING] 29150 total against count mismatch - expected: 61, actual 62
2019-08-23 23:28:08,263 [WARNING] 29151 total against count mismatch - expected: 62, actual 63
2019-08-23 23:28:08,264 [WARNING] 29152 total against count mismatch - expected: 62, actual 63
2019-08-23 23:28:08,264 [WARNING] 29153 total against count mismatch - expected: 60, actual 61
2019-08-23 23:28:08,264 [WARNING] 29154 total against count mismatch - expected: 61, actual 62
2019-08-23 23:28:08,264 [WARNING] 29155 total against count mismatch - expected: 61, actual 62
2019-08-23 23:28:08,265 [WARNING] 29156 total against count mismatch - expected: 59, actual 60
2019-08-23 23:28:08,265 [WARNING] 29157 total against count mismatch - expected: 62, actual 63
2019-08-23 23:28:08,265 [WARNING] 29158 total against count mismatch - expected: 62, actual 63
2019-08-23 23:28:08,265 [WARNING] 29159 total against count mismatch - expected: 61, actual 62
2019-08-23 23:28:08,265 [WARNING] 29160 total against count mismatch - expected: 62, actual 63
2019-08-23 23:28:08,266 [WARNING] 29161 total against count mismatch - expected: 62, actual 63
2019-08-23 23:28:08,266 [WARNING] 29162 total against count mismatch - expected: 62, actual 63
2019-08-23 23:28:08,266 [WARNING] 29163 total against count mismatch - expected: 62, actual 63
2019-08-23 23:28:08,266 [WARNING] 29164 total against count mismatch - expected: 60, actual 61
2019-08-23 23:28:08,266 [WARNING] 29165 total against count mismatch - expected: 62, actual 63
2019-08-23 23:28:08,266 [WARNING] 29166 total against count mismatch - expected: 62, actual 63
2019-08-23 23:28:08,267 [WARNING] 29167 total against count mismatch - expected: 61, actual 62
2019-08-23 23:28:08,267 [WARNING] 29168 total against count mismatch - expected: 61, actual 62
2019-08-23 23:28:08,267 [WARNING] 29169 total against count mismatch - expected: 60, actual 61
2019-08-23 23:28:08,267 [WARNING] 29170 total against count mismatch - expected: 61, actual 62
2019-08-23 23:28:08,267 [WARNING] 29171 total against count mismatch - expected: 61, actual 62
2019-08-23 23:28:08,267 [WARNING] 29172 total against count mismatch - expected: 62, actual 63
2019-08-23 23:28:08,267 [WARNING] 29173 total against count mismatch - expected: 62, actual 63
2019-08-23 23:28:08,268 [WARNING] 29174 total against count mismatch - expected: 62, actual 63
2019-08-23 23:28:08,268 [WARNING] 29175 total against count mismatch - expected: 61, actual 62
2019-08-23 23:28:08,268 [WARNING] 29176 total against count mismatch - expected: 60, actual 61
2019-08-23 23:28:08,268 [WARNING] 29177 total against count mismatch - expected: 61, actual 62
2019-08-23 23:28:08,268 [WARNING] 29178 total for count mismatch - expected: 60, actual 61
2019-08-23 23:28:08,268 [WARNING] 29179 total against count mismatch - expected: 61, actual 62
2019-08-23 23:28:08,269 [WARNING] 29180 total against count mismatch - expected: 60, actual 61
2019-08-23 23:28:08,269 [WARNING] 29181 total against count mismatch - expected: 61, actual 62
2019-08-23 23:28:08,269 [WARNING] 29182 total against count mismatch - expected: 63, actual 64
2019-08-23 23:28:08,269 [WARNING] 29183 total against count mismatch - expected: 61, actual 62
2019-08-23 23:28:08,269 [WARNING] 29184 total against count mismatch - expected: 62, actual 63
2019-08-23 23:28:08,269 [WARNING] 29185 total against count mismatch - expected: 62, actual 63
2019-08-23 23:28:08,270 [WARNING] 29186 total against count mismatch - expected: 62, actual 63
2019-08-23 23:28:08,270 [WARNING] 29187 total against count mismatch - expected: 62, actual 63
2019-08-23 23:28:08,270 [WARNING] 29188 total against count mismatch - expected: 60, actual 61
2019-08-23 23:28:08,270 [WARNING] 29189 total against count mismatch - expected: 62, actual 63
2019-08-23 23:28:08,270 [WARNING] 29190 total against count mismatch - expected: 62, actual 63
2019-08-23 23:28:08,270 [WARNING] 29191 total for count mismatch - expected: 62, actual 63
2019-08-23 23:28:08,270 [WARNING] 29192 total against count mismatch - expected: 62, actual 63
2019-08-23 23:28:08,271 [WARNING] 29193 total for count mismatch - expected: 62, actual 63
2019-08-23 23:28:08,271 [WARNING] 29194 total for count mismatch - expected: 63, actual 64
2019-08-23 23:28:08,271 [WARNING] 29195 total for count mismatch - expected: 63, actual 64
2019-08-23 23:28:08,271 [WARNING] 29196 total for count mismatch - expected: 62, actual 63
2019-08-23 23:28:08,271 [WARNING] 29197 total against count mismatch - expected: 62, actual 63
2019-08-23 23:28:08,271 [WARNING] 29198 total for count mismatch - expected: 61, actual 62
2019-08-23 23:28:08,272 [WARNING] 29199 total against count mismatch - expected: 63, actual 64
2019-08-23 23:28:08,272 [WARNING] 29200 total against count mismatch - expected: 62, actual 63
2019-08-23 23:28:08,272 [WARNING] 29201 total against count mismatch - expected: 61, actual 62
2019-08-23 23:28:08,272 [WARNING] 29202 total for count mismatch - expected: 62, actual 63
2019-08-23 23:28:08,272 [WARNING] 29203 total against count mismatch - expected: 62, actual 63
2019-08-23 23:28:08,272 [WARNING] 29204 total for count mismatch - expected: 62, actual 63
2019-08-23 23:28:08,272 [WARNING] 29205 total for count mismatch - expected: 62, actual 63
2019-08-23 23:28:08,273 [WARNING] 29206 total against count mismatch - expected: 63, actual 64
2019-08-23 23:28:08,273 [WARNING] 29207 total against count mismatch - expected: 62, actual 63
2019-08-23 23:28:08,273 [WARNING] 29208 total against count mismatch - expected: 62, actual 63
2019-08-23 23:28:08,273 [WARNING] 29209 total against count mismatch - expected: 62, actual 63
2019-08-23 23:28:08,273 [WARNING] 29210 total against count mismatch - expected: 62, actual 63
2019-08-23 23:28:08,273 [WARNING] 29211 total against count mismatch - expected: 62, actual 63
2019-08-23 23:28:08,274 [WARNING] 29212 total against count mismatch - expected: 61, actual 62
2019-08-23 23:28:08,274 [WARNING] 29213 total against count mismatch - expected: 62, actual 63
2019-08-23 23:28:08,274 [WARNING] 29214 total against count mismatch - expected: 61, actual 62
2019-08-23 23:28:08,274 [WARNING] 29215 total for count mismatch - expected: 61, actual 62
2019-08-23 23:28:08,274 [WARNING] 29216 total against count mismatch - expected: 62, actual 63
2019-08-23 23:28:08,275 [WARNING] 29217 total for count mismatch - expected: 61, actual 62
2019-08-23 23:28:08,275 [WARNING] 29218 total against count mismatch - expected: 61, actual 62
2019-08-23 23:28:08,275 [WARNING] 29219 total for count mismatch - expected: 62, actual 63
2019-08-23 23:28:08,275 [WARNING] 29220 total against count mismatch - expected: 62, actual 63
2019-08-23 23:28:08,275 [WARNING] 29221 total for count mismatch - expected: 61, actual 62
2019-08-23 23:28:08,276 [WARNING] 29222 total against count mismatch - expected: 62, actual 63
2019-08-23 23:28:08,276 [WARNING] 29223 total against count mismatch - expected: 62, actual 63
2019-08-23 23:28:08,276 [WARNING] 29224 total against count mismatch - expected: 62, actual 63
2019-08-23 23:28:08,276 [WARNING] 29225 total against count mismatch - expected: 62, actual 63
2019-08-23 23:28:08,276 [WARNING] 29226 total against count mismatch - expected: 62, actual 63
2019-08-23 23:28:08,277 [WARNING] 29227 total for count mismatch - expected: 61, actual 62
2019-08-23 23:28:08,277 [WARNING] 29228 total against count mismatch - expected: 60, actual 61
2019-08-23 23:28:08,277 [WARNING] 29229 total against count mismatch - expected: 61, actual 62
2019-08-23 23:28:08,277 [WARNING] 29230 total against count mismatch - expected: 61, actual 62
2019-08-23 23:28:08,278 [WARNING] 29231 total against count mismatch - expected: 61, actual 62
2019-08-23 23:28:08,278 [WARNING] 29232 total against count mismatch - expected: 60, actual 61
2019-08-23 23:28:08,278 [WARNING] 29233 total against count mismatch - expected: 61, actual 62
2019-08-23 23:28:08,278 [WARNING] 29234 total against count mismatch - expected: 62, actual 63
2019-08-23 23:28:08,278 [WARNING] 29235 total for count mismatch - expected: 62, actual 63
2019-08-23 23:28:08,279 [WARNING] 29236 total for count mismatch - expected: 62, actual 63
2019-08-23 23:28:08,279 [WARNING] 29237 total for count mismatch - expected: 65, actual 66
2019-08-23 23:28:08,279 [WARNING] 29238 total for count mismatch - expected: 60, actual 61
2019-08-23 23:28:08,279 [WARNING] 29239 total against count mismatch - expected: 62, actual 63
2019-08-23 23:28:08,280 [WARNING] 29240 total against count mismatch - expected: 62, actual 63
2019-08-23 23:28:08,280 [WARNING] 29241 total against count mismatch - expected: 62, actual 63
2019-08-23 23:28:08,280 [WARNING] 29242 total against count mismatch - expected: 62, actual 63
2019-08-23 23:28:08,280 [WARNING] 29243 total against count mismatch - expected: 62, actual 63
2019-08-23 23:28:08,280 [WARNING] 29244 total against count mismatch - expected: 62, actual 63
2019-08-23 23:28:08,280 [WARNING] 29245 total against count mismatch - expected: 62, actual 63
2019-08-23 23:28:08,281 [WARNING] 29246 total against count mismatch - expected: 61, actual 62
2019-08-23 23:28:08,281 [WARNING] 29247 total against count mismatch - expected: 62, actual 63
2019-08-23 23:28:08,281 [WARNING] 29248 total against count mismatch - expected: 62, actual 63
2019-08-23 23:28:08,281 [WARNING] 29249 total against count mismatch - expected: 61, actual 62
2019-08-23 23:28:08,281 [WARNING] 29250 total against count mismatch - expected: 62, actual 63
2019-08-23 23:28:08,282 [WARNING] 29251 total against count mismatch - expected: 62, actual 63
2019-08-23 23:28:08,282 [WARNING] 29252 total against count mismatch - expected: 61, actual 62
2019-08-23 23:28:08,282 [WARNING] 29253 total against count mismatch - expected: 63, actual 64
2019-08-23 23:28:08,282 [WARNING] 29254 total against count mismatch - expected: 62, actual 63
2019-08-23 23:28:08,282 [WARNING] 29255 total against count mismatch - expected: 62, actual 63
2019-08-23 23:28:08,283 [WARNING] 29256 total against count mismatch - expected: 61, actual 62
2019-08-23 23:28:08,283 [WARNING] 29257 total against count mismatch - expected: 61, actual 62
2019-08-23 23:28:08,283 [WARNING] 29258 total against count mismatch - expected: 62, actual 63
2019-08-23 23:28:08,283 [WARNING] 29259 total for count mismatch - expected: 60, actual 62
2019-08-23 23:28:08,283 [WARNING] 29260 total against count mismatch - expected: 62, actual 63
2019-08-23 23:28:08,284 [WARNING] 29261 total against count mismatch - expected: 62, actual 63
2019-08-23 23:28:08,284 [WARNING] 29262 total against count mismatch - expected: 62, actual 63
2019-08-23 23:28:08,284 [WARNING] 29263 total against count mismatch - expected: 62, actual 63
2019-08-23 23:28:08,284 [WARNING] 29264 total for count mismatch - expected: 64, actual 65
2019-08-23 23:28:08,284 [WARNING] 29265 total for count mismatch - expected: 62, actual 63
2019-08-23 23:28:08,285 [WARNING] 29266 total against count mismatch - expected: 62, actual 63
2019-08-23 23:28:08,285 [WARNING] 29267 total against count mismatch - expected: 62, actual 63
2019-08-23 23:28:08,285 [WARNING] 29268 total against count mismatch - expected: 61, actual 62
2019-08-23 23:28:08,285 [WARNING] 29269 total against count mismatch - expected: 62, actual 63
2019-08-23 23:28:08,285 [WARNING] 29270 total against count mismatch - expected: 62, actual 63
2019-08-23 23:28:08,286 [WARNING] 29271 total against count mismatch - expected: 62, actual 63
2019-08-23 23:28:08,286 [WARNING] 29272 total against count mismatch - expected: 62, actual 63
2019-08-23 23:28:08,286 [WARNING] 29273 total against count mismatch - expected: 62, actual 63
2019-08-23 23:28:08,286 [WARNING] 29275 total against count mismatch - expected: 62, actual 63
2019-08-23 23:28:08,286 [WARNING] 29276 total against count mismatch - expected: 61, actual 62
2019-08-23 23:28:08,287 [WARNING] 29277 total against count mismatch - expected: 62, actual 63
2019-08-23 23:28:08,287 [WARNING] 29278 total against count mismatch - expected: 61, actual 62
2019-08-23 23:28:08,287 [WARNING] 29279 total against count mismatch - expected: 60, actual 61
2019-08-23 23:28:08,287 [WARNING] 29280 total against count mismatch - expected: 61, actual 62
2019-08-23 23:28:08,287 [WARNING] 29281 total for count mismatch - expected: 61, actual 62
2019-08-23 23:28:08,287 [WARNING] 29282 total against count mismatch - expected: 60, actual 61
2019-08-23 23:28:08,288 [WARNING] 29283 total against count mismatch - expected: 60, actual 61
2019-08-23 23:28:08,288 [WARNING] 29284 total against count mismatch - expected: 60, actual 61
2019-08-23 23:28:08,288 [WARNING] 29285 total against count mismatch - expected: 60, actual 61
2019-08-23 23:28:08,288 [WARNING] 29286 total against count mismatch - expected: 61, actual 62
2019-08-23 23:28:08,288 [WARNING] 29287 total against count mismatch - expected: 61, actual 62
2019-08-23 23:28:08,289 [WARNING] 29288 total against count mismatch - expected: 61, actual 62
2019-08-23 23:28:08,289 [WARNING] 29289 total against count mismatch - expected: 61, actual 62
2019-08-23 23:28:08,289 [WARNING] 29290 total against count mismatch - expected: 62, actual 63
2019-08-23 23:28:08,289 [WARNING] 29291 total for count mismatch - expected: 61, actual 62
2019-08-23 23:28:08,290 [WARNING] 29292 total against count mismatch - expected: 62, actual 63
2019-08-23 23:28:08,290 [WARNING] 29293 total for count mismatch - expected: 63, actual 64
2019-08-23 23:28:08,290 [WARNING] 29294 total for count mismatch - expected: 64, actual 65
2019-08-23 23:28:08,290 [WARNING] 29295 total against count mismatch - expected: 62, actual 63
2019-08-23 23:28:08,290 [WARNING] 29296 total against count mismatch - expected: 61, actual 62
2019-08-23 23:28:08,291 [WARNING] 29297 total against count mismatch - expected: 61, actual 62
2019-08-23 23:28:08,291 [WARNING] 29298 total against count mismatch - expected: 60, actual 61
2019-08-23 23:28:08,291 [WARNING] 29299 total against count mismatch - expected: 60, actual 61
2019-08-23 23:28:08,291 [WARNING] 29300 total for count mismatch - expected: 61, actual 62
2019-08-23 23:28:08,291 [WARNING] 29301 total against count mismatch - expected: 61, actual 62
2019-08-23 23:28:08,292 [WARNING] 29302 total against count mismatch - expected: 61, actual 62
2019-08-23 23:28:08,292 [WARNING] 29303 total against count mismatch - expected: 62, actual 63
2019-08-23 23:28:08,292 [WARNING] 29304 total for count mismatch - expected: 63, actual 64
2019-08-23 23:28:08,292 [WARNING] 29305 total against count mismatch - expected: 62, actual 63
2019-08-23 23:28:08,292 [WARNING] 29306 total against count mismatch - expected: 62, actual 63
2019-08-23 23:28:08,293 [WARNING] 29307 total against count mismatch - expected: 62, actual 63
2019-08-23 23:28:08,293 [WARNING] 29308 total against count mismatch - expected: 61, actual 62
2019-08-23 23:28:08,293 [WARNING] 29309 total against count mismatch - expected: 62, actual 63
2019-08-23 23:28:08,293 [WARNING] 29310 total against count mismatch - expected: 64, actual 65
2019-08-23 23:28:08,293 [WARNING] 29311 total against count mismatch - expected: 62, actual 63
2019-08-23 23:28:08,294 [WARNING] 29312 total for count mismatch - expected: 62, actual 63
2019-08-23 23:28:08,294 [WARNING] 29313 total for count mismatch - expected: 62, actual 63
2019-08-23 23:28:08,294 [WARNING] 29314 total against count mismatch - expected: 62, actual 63
2019-08-23 23:28:08,294 [WARNING] 29315 total for count mismatch - expected: 62, actual 63
2019-08-23 23:28:08,294 [WARNING] 29315 total against count mismatch - expected: 50, actual 51
2019-08-23 23:28:08,294 [WARNING] 29316 total against count mismatch - expected: 61, actual 62
2019-08-23 23:28:08,295 [WARNING] 29317 total against count mismatch - expected: 62, actual 63
2019-08-23 23:28:08,295 [WARNING] 29318 total for count mismatch - expected: 61, actual 62
2019-08-23 23:28:08,295 [WARNING] 29319 total against count mismatch - expected: 62, actual 63
2019-08-23 23:28:08,295 [WARNING] 29320 total for count mismatch - expected: 63, actual 64
2019-08-23 23:28:08,295 [WARNING] 29321 total against count mismatch - expected: 61, actual 62
2019-08-23 23:28:08,296 [WARNING] 29322 total against count mismatch - expected: 61, actual 62
2019-08-23 23:28:08,296 [WARNING] 29323 total against count mismatch - expected: 61, actual 62
2019-08-23 23:28:08,296 [WARNING] 29324 total against count mismatch - expected: 60, actual 61
2019-08-23 23:28:08,296 [WARNING] 29325 total for count mismatch - expected: 62, actual 63
2019-08-23 23:28:08,296 [WARNING] 29326 total for count mismatch - expected: 63, actual 64
2019-08-23 23:28:08,297 [WARNING] 29327 total against count mismatch - expected: 62, actual 63
2019-08-23 23:28:08,297 [WARNING] 29328 total against count mismatch - expected: 62, actual 63
2019-08-23 23:28:08,297 [WARNING] 29329 total for count mismatch - expected: 62, actual 63
2019-08-23 23:28:08,297 [WARNING] 29330 total against count mismatch - expected: 62, actual 63
2019-08-23 23:28:08,297 [WARNING] 29331 total against count mismatch - expected: 62, actual 63
2019-08-23 23:28:08,298 [WARNING] 29332 total for count mismatch - expected: 62, actual 63
2019-08-23 23:28:08,298 [WARNING] 29333 total for count mismatch - expected: 61, actual 62
2019-08-23 23:28:08,298 [WARNING] 29334 total for count mismatch - expected: 61, actual 62
2019-08-23 23:28:08,299 [WARNING] 29335 total against count mismatch - expected: 62, actual 63
2019-08-23 23:28:08,299 [WARNING] 29336 total for count mismatch - expected: 62, actual 63
2019-08-23 23:28:08,299 [WARNING] 29337 total for count mismatch - expected: 62, actual 63
2019-08-23 23:28:08,300 [WARNING] 29338 total for count mismatch - expected: 63, actual 64
2019-08-23 23:28:08,300 [WARNING] 29339 total for count mismatch - expected: 62, actual 63
2019-08-23 23:28:08,300 [WARNING] 29340 total against count mismatch - expected: 61, actual 62
2019-08-23 23:28:08,301 [WARNING] 29341 total against count mismatch - expected: 61, actual 62
2019-08-23 23:28:08,301 [WARNING] 29342 total against count mismatch - expected: 62, actual 63
2019-08-23 23:28:08,301 [WARNING] 29343 total for count mismatch - expected: 62, actual 63
2019-08-23 23:28:08,302 [WARNING] 29344 total for count mismatch - expected: 63, actual 64
2019-08-23 23:28:08,302 [WARNING] 29345 total for count mismatch - expected: 62, actual 63
2019-08-23 23:28:08,304 [WARNING] 29393 total against count mismatch - expected: 50, actual 51
2019-08-23 23:28:08,310 [WARNING] 29463 total for count mismatch - expected: 39, actual 40
2019-08-23 23:28:08,311 [WARNING] 29498 total for count mismatch - expected: 22, actual 23
2019-08-23 23:28:08,312 [WARNING] 29516 total for count mismatch - expected: 45, actual 46
2019-08-23 23:28:08,314 [WARNING] 29667 total for count mismatch - expected: 43, actual 45
2019-08-23 23:28:08,316 [WARNING] 29729 total for count mismatch - expected: 31, actual 30
2019-08-23 23:28:08,319 [WARNING] 29852 total for count mismatch - expected: 35, actual 36
2019-08-23 23:28:08,326 [WARNING] 30002 total against count mismatch - expected: 51, actual 52
2019-08-23 23:28:08,326 [WARNING] 30004 total for count mismatch - expected: 35, actual 36
2019-08-23 23:28:08,332 [WARNING] 30109 total for count mismatch - expected: 46, actual 47
2019-08-23 23:28:08,353 [WARNING] 30322 total for count mismatch - expected: 39, actual 40
2019-08-23 23:28:08,354 [WARNING] 30323 total for count mismatch - expected: 37, actual 38
2019-08-23 23:28:08,354 [WARNING] 30324 total for count mismatch - expected: 42, actual 43
2019-08-23 23:28:08,354 [WARNING] 30325 total for count mismatch - expected: 41, actual 42
2019-08-23 23:28:08,358 [WARNING] 30460 total for count mismatch - expected: 37, actual 38
2019-08-23 23:28:08,359 [WARNING] 30461 total for count mismatch - expected: 37, actual 38
2019-08-23 23:28:08,359 [WARNING] 30462 total for count mismatch - expected: 38, actual 39
2019-08-23 23:28:08,359 [WARNING] 30462 total against count mismatch - expected: 50, actual 51
2019-08-23 23:28:08,359 [WARNING] 30463 total against count mismatch - expected: 50, actual 51
2019-08-23 23:28:08,359 [WARNING] 30464 total against count mismatch - expected: 48, actual 49
2019-08-23 23:28:08,359 [WARNING] 30465 total against count mismatch - expected: 50, actual 51
2019-08-23 23:28:08,359 [WARNING] 30466 total against count mismatch - expected: 50, actual 51
2019-08-23 23:28:08,360 [WARNING] 30468 total for count mismatch - expected: 37, actual 38
2019-08-23 23:28:08,360 [WARNING] 30468 total against count mismatch - expected: 50, actual 51
2019-08-23 23:28:08,360 [WARNING] 30469 total for count mismatch - expected: 38, actual 39
2019-08-23 23:28:08,384 [WARNING] 30779 total for count mismatch - expected: 38, actual 40
2019-08-23 23:28:08,390 [WARNING] 30851 total against count mismatch - expected: 62, actual 63
2019-08-23 23:28:08,399 [WARNING] 30938 total against count mismatch - expected: 59, actual 60
2019-08-23 23:28:08,405 [WARNING] 30992 total against count mismatch - expected: 88, actual 89
2019-08-23 23:28:08,405 [WARNING] 30993 total for count mismatch - expected: 63, actual 64
2019-08-23 23:28:08,411 [WARNING] 31137 total for count mismatch - expected: 53, actual 54
2019-08-23 23:28:08,414 [WARNING] 31243 total against count mismatch - expected: 46, actual 47
2019-08-23 23:28:08,416 [WARNING] 31291 total passed count mismatch - expected: 0, actual 1, expected for: 47, actual for: 47, expected against: 0, actual against: 0
2019-08-23 23:28:08,416 [WARNING] 31292 total passed count mismatch - expected: 0, actual 1, expected for: 50, actual for: 50, expected against: 0, actual against: 0
2019-08-23 23:28:08,416 [WARNING] 31294 total passed count mismatch - expected: 0, actual 1, expected for: 44, actual for: 44, expected against: 0, actual against: 0
2019-08-23 23:28:08,418 [WARNING] 31315 total for count mismatch - expected: 112, actual 113
2019-08-23 23:28:08,418 [WARNING] 31316 total for count mismatch - expected: 114, actual 115
2019-08-23 23:28:08,418 [WARNING] 31319 total against count mismatch - expected: 59, actual 60
2019-08-23 23:28:08,418 [WARNING] 31320 total against count mismatch - expected: 59, actual 60
2019-08-23 23:28:08,419 [WARNING] 31321 total against count mismatch - expected: 59, actual 60
2019-08-23 23:28:08,419 [WARNING] 31322 total against count mismatch - expected: 58, actual 59
2019-08-23 23:28:08,419 [WARNING] 31323 total against count mismatch - expected: 54, actual 55
2019-08-23 23:28:08,419 [WARNING] 31326 total against count mismatch - expected: 58, actual 59
2019-08-23 23:28:08,419 [WARNING] 31327 total against count mismatch - expected: 58, actual 59
2019-08-23 23:28:08,419 [WARNING] 31328 total against count mismatch - expected: 58, actual 59
2019-08-23 23:28:08,420 [WARNING] 31329 total against count mismatch - expected: 58, actual 59
2019-08-23 23:28:08,421 [WARNING] 31396 total passed count mismatch - expected: 0, actual 1, expected for: 51, actual for: 50, expected against: 0, actual against: 0
2019-08-23 23:28:08,421 [WARNING] 31396 total for count mismatch - expected: 51, actual 50
2019-08-23 23:28:08,422 [WARNING] 31397 total passed count mismatch - expected: 0, actual 1, expected for: 47, actual for: 47, expected against: 0, actual against: 0
2019-08-23 23:28:08,422 [WARNING] 31398 total passed count mismatch - expected: 0, actual 1, expected for: 51, actual for: 51, expected against: 0, actual against: 0
2019-08-23 23:28:08,422 [WARNING] 31400 total passed count mismatch - expected: 0, actual 1, expected for: 36, actual for: 36, expected against: 0, actual against: 0
2019-08-23 23:28:08,424 [WARNING] 31452 total against count mismatch - expected: 58, actual 59
2019-08-23 23:28:08,425 [WARNING] 31468 total passed count mismatch - expected: 0, actual 1, expected for: 48, actual for: 48, expected against: 0, actual against: 0
2019-08-23 23:28:08,425 [WARNING] 31470 total passed count mismatch - expected: 0, actual 1, expected for: 50, actual for: 50, expected against: 0, actual against: 0
2019-08-23 23:28:08,430 [WARNING] 22156 total against count mismatch - expected: 3, actual 4
2019-08-23 23:28:08,431 [WARNING] 22320 total for count mismatch - expected: 6, actual 7
2019-08-23 23:28:08,432 [WARNING] 22933 total for count mismatch - expected: 2, actual 10
2019-08-23 23:28:08,432 [WARNING] 22933 total against count mismatch - expected: 10, actual 2
2019-08-23 23:28:08,432 [WARNING] 23592 total for count mismatch - expected: 7, actual 8
2019-08-23 23:28:08,432 [WARNING] 23593 total for count mismatch - expected: 7, actual 8
2019-08-23 23:28:08,433 [WARNING] 23800 total for count mismatch - expected: 77, actual 76
2019-08-23 23:28:08,434 [WARNING] 24395 total for count mismatch - expected: 34, actual 35
2019-08-23 23:28:08,435 [WARNING] 24645 total for count mismatch - expected: 46, actual 47
2019-08-23 23:28:08,435 [WARNING] 24677 total for count mismatch - expected: 26, actual 27
2019-08-23 23:28:08,435 [WARNING] 24682 total for count mismatch - expected: 44, actual 45
2019-08-23 23:28:08,435 [WARNING] 24719 total for count mismatch - expected: 47, actual 46
2019-08-23 23:28:08,436 [WARNING] 24860 total for count mismatch - expected: 16, actual 17
2019-08-23 23:28:08,437 [WARNING] 24896 total for count mismatch - expected: 48, actual 49
2019-08-23 23:28:08,437 [WARNING] 24897 total against count mismatch - expected: 49, actual 50
2019-08-23 23:28:08,437 [WARNING] 24898 total for count mismatch - expected: 48, actual 49
2019-08-23 23:28:08,437 [WARNING] 24899 total against count mismatch - expected: 48, actual 49
2019-08-23 23:28:08,438 [WARNING] 24900 total for count mismatch - expected: 48, actual 49
2019-08-23 23:28:08,438 [WARNING] 24901 total against count mismatch - expected: 47, actual 48
2019-08-23 23:28:08,438 [WARNING] 24902 total for count mismatch - expected: 48, actual 49
2019-08-23 23:28:08,438 [WARNING] 24903 total for count mismatch - expected: 48, actual 49
2019-08-23 23:28:08,439 [WARNING] 24904 total against count mismatch - expected: 48, actual 49
2019-08-23 23:28:08,439 [WARNING] 24905 total for count mismatch - expected: 48, actual 49
2019-08-23 23:28:08,439 [WARNING] 24906 total against count mismatch - expected: 48, actual 49
2019-08-23 23:28:08,439 [WARNING] 24907 total against count mismatch - expected: 48, actual 49
2019-08-23 23:28:08,440 [WARNING] 24928 total for count mismatch - expected: 34, actual 35
2019-08-23 23:28:08,440 [WARNING] 24931 total for count mismatch - expected: 28, actual 29
2019-08-23 23:28:08,441 [WARNING] 24941 total for count mismatch - expected: 30, actual 31
2019-08-23 23:28:08,441 [WARNING] 24942 total for count mismatch - expected: 27, actual 28
2019-08-23 23:28:08,441 [WARNING] 24943 total for count mismatch - expected: 31, actual 32
2019-08-23 23:28:08,441 [WARNING] 24944 total for count mismatch - expected: 30, actual 31
2019-08-23 23:28:08,442 [WARNING] 24994 total for count mismatch - expected: 57, actual 58
2019-08-23 23:28:08,442 [WARNING] 24995 total for count mismatch - expected: 57, actual 58
2019-08-23 23:28:08,442 [WARNING] 24997 total for count mismatch - expected: 61, actual 62
2019-08-23 23:28:08,442 [WARNING] 24998 total for count mismatch - expected: 61, actual 62
2019-08-23 23:28:08,443 [WARNING] 24999 total for count mismatch - expected: 61, actual 62
2019-08-23 23:28:08,443 [WARNING] 25101 total against count mismatch - expected: 18, actual 19
2019-08-23 23:28:08,445 [WARNING] 25424 total for count mismatch - expected: 49, actual 50
2019-08-23 23:28:08,445 [WARNING] 25425 total for count mismatch - expected: 60, actual 61
2019-08-23 23:28:08,446 [WARNING] 25531 total for count mismatch - expected: 35, actual 36
2019-08-23 23:28:08,453 [WARNING] 26739 total for count mismatch - expected: 34, actual 35
2019-08-23 23:28:08,457 [WARNING] 27013 total against count mismatch - expected: 31, actual 32
2019-08-23 23:28:08,458 [WARNING] 27116 total for count mismatch - expected: 27, actual 26
2019-08-23 23:28:08,458 [WARNING] 27116 total against count mismatch - expected: 38, actual 39
2019-08-23 23:28:08,458 [WARNING] 27240 total for count mismatch - expected: 40, actual 41
2019-08-23 23:28:08,462 [WARNING] 27400 total for count mismatch - expected: 33, actual 34
2019-08-23 23:28:08,462 [WARNING] 27428 total for count mismatch - expected: 39, actual 40
2019-08-23 23:28:08,463 [WARNING] 27489 total for count mismatch - expected: 27, actual 28
2019-08-23 23:28:08,465 [WARNING] 27750 total for count mismatch - expected: 48, actual 49
2019-08-23 23:28:08,465 [WARNING] 27769 total for count mismatch - expected: 32, actual 33
2019-08-23 23:28:08,468 [WARNING] 27969 total against count mismatch - expected: 36, actual 37
2019-08-23 23:28:08,468 [WARNING] 27970 total against count mismatch - expected: 39, actual 40
2019-08-23 23:28:08,471 [WARNING] 29068 total passed count mismatch - expected: 0, actual 1, expected for: 33, actual for: 33, expected against: 16, actual against: 16
2019-08-23 23:28:08,472 [WARNING] 29119 total against count mismatch - expected: 63, actual 64
2019-08-23 23:28:08,473 [WARNING] 29601 total for count mismatch - expected: 26, actual 27
2019-08-23 23:28:08,475 [WARNING] 29824 total against count mismatch - expected: 52, actual 54
2019-08-23 23:28:08,481 [WARNING] 31317 total for count mismatch - expected: 72, actual 73
2019-08-23 23:28:08,481 [WARNING] 31342 total passed count mismatch - expected: 0, actual 1, expected for: 22, actual for: 22, expected against: 0, actual against: 0
2019-08-23 23:28:08,481 [WARNING] 31399 total passed count mismatch - expected: 0, actual 1, expected for: 47, actual for: 47, expected against: 0, actual against: 0
2019-08-23 23:28:08,483 [WARNING] 24067 total against count mismatch - expected: 45, actual 46
2019-08-23 23:28:08,485 [WARNING] 24367 total against count mismatch - expected: 45, actual 46
2019-08-23 23:28:08,492 [WARNING] 26378 total for count mismatch - expected: 48, actual 47
2019-08-23 23:28:08,492 [WARNING] 26444 total for count mismatch - expected: 30, actual 29
2019-08-23 23:28:08,493 [WARNING] 28625 total for count mismatch - expected: 39, actual 40
2019-08-23 23:28:08,502 [WARNING] 25709 total for count mismatch - expected: 6, actual 7
2019-08-23 23:28:08,505 [WARNING] 26655 total for count mismatch - expected: 44, actual 45
2019-08-23 23:28:08,505 [WARNING] 27114 total for count mismatch - expected: 33, actual 34
2019-08-23 23:28:08,507 [WARNING] 23533 total for count mismatch - expected: 41, actual 42
2019-08-23 23:28:08,510 [WARNING] 26544 total for count mismatch - expected: 24, actual 25
2019-08-23 23:28:08,511 [WARNING] 26545 total for count mismatch - expected: 27, actual 28
2019-08-23 23:28:08,512 [WARNING] 27093 total against count mismatch - expected: 33, actual 34
2019-08-23 23:28:08,514 [WARNING] 31234 total for count mismatch - expected: 17, actual 18
2019-08-23 23:28:08,517 [WARNING] 25642 total for count mismatch - expected: 11, actual 12
2019-08-23 23:28:08,517 [WARNING] 26778 total for count mismatch - expected: 38, actual 39
2019-08-23 23:28:08,518 [WARNING] 26779 total for count mismatch - expected: 39, actual 40
2019-08-23 23:28:08,518 [WARNING] 27892 cannot be checked as it's missing from the voting result csv
2019-08-23 23:28:08,521 [WARNING] 22205 total for count mismatch - expected: 18, actual 19
2019-08-23 23:28:08,523 [WARNING] 24937 total for count mismatch - expected: 32, actual 33
2019-08-23 23:28:08,523 [WARNING] 25106 total for count mismatch - expected: 31, actual 33
2019-08-23 23:28:08,524 [WARNING] 25618 total for count mismatch - expected: 43, actual 44
2019-08-23 23:28:08,524 [WARNING] 25643 total for count mismatch - expected: 10, actual 11
2019-08-23 23:28:08,526 [WARNING] 27175 total for count mismatch - expected: 29, actual 30
2019-08-23 23:28:08,527 [WARNING] 23594 total for count mismatch - expected: 7, actual 8
2019-08-23 23:28:08,527 [WARNING] 24020 total for count mismatch - expected: 18, actual 19
2019-08-23 23:28:08,528 [WARNING] 24657 total for count mismatch - expected: 11, actual 12
2019-08-23 23:28:08,529 [WARNING] 26152 total for count mismatch - expected: 53, actual 54
2019-08-23 23:28:08,530 [WARNING] 26376 total for count mismatch - expected: 41, actual 42
2019-08-23 23:28:08,532 [WARNING] 27367 total for count mismatch - expected: 28, actual 27
2019-08-23 23:28:08,533 [WARNING] 28998 total for count mismatch - expected: 29, actual 30
2019-08-23 23:28:08,535 [WARNING] 31632 total for count mismatch - expected: 24, actual 25
2019-08-23 23:28:08,536 [WARNING] 28414 total for count mismatch - expected: 7, actual 8
2019-08-23 23:28:08,537 [WARNING] 22065 total for count mismatch - expected: 10, actual 13
2019-08-23 23:28:08,540 [WARNING] 26902 total for count mismatch - expected: 42, actual 43
2019-08-23 23:28:08,542 [WARNING] 30409 total for count mismatch - expected: 24, actual 25
2019-08-23 23:28:08,543 [WARNING] 24946 total for count mismatch - expected: 26, actual 27
2019-08-23 23:28:08,545 [WARNING] 29023 total for count mismatch - expected: 22, actual 23
2019-08-23 23:28:08,546 [WARNING] 30014 total for count mismatch - expected: 30, actual 31
2019-08-23 23:28:08,547 [WARNING] 31339 total passed count mismatch - expected: 0, actual 1, expected for: 19, actual for: 19, expected against: 0, actual against: 0
2019-08-23 23:28:08,547 [WARNING] 31340 total passed count mismatch - expected: 0, actual 1, expected for: 22, actual for: 22, expected against: 0, actual against: 0
2019-08-23 23:28:08,547 [WARNING] 31341 total passed count mismatch - expected: 0, actual 1, expected for: 27, actual for: 27, expected against: 0, actual against: 0
2019-08-23 23:28:08,549 [WARNING] 26599 total for count mismatch - expected: 17, actual 16
2019-08-23 23:28:08,550 [WARNING] 25119 total for count mismatch - expected: 10, actual 11
2019-08-23 23:28:08,551 [WARNING] 25502 total for count mismatch - expected: 8, actual 9
2019-08-23 23:28:08,552 [WARNING] 28867 total for count mismatch - expected: 8, actual 9
2019-08-23 23:28:08,552 [WARNING] 28869 total for count mismatch - expected: 5, actual 6
2019-08-23 23:28:08,554 [WARNING] 26142 total for count mismatch - expected: 5, actual 6
2019-08-23 23:28:08,557 [WARNING] 28416 total for count mismatch - expected: 2, actual 3
2019-08-23 23:28:08,557 [WARNING] 28417 total for count mismatch - expected: 3, actual 4
2019-08-23 23:28:08,558 [WARNING] 28418 total for count mismatch - expected: 2, actual 4
2019-08-23 23:28:08,564 [WARNING] 28798 total for count mismatch - expected: 2, actual 6
2019-08-23 23:28:08,564 [WARNING] 28798 total against count mismatch - expected: 6, actual 2
2019-08-23 23:28:08,565 [WARNING] 28925 total for count mismatch - expected: 6, actual 7
2019-08-23 23:28:08,565 [WARNING] 22166 total for count mismatch - expected: 5, actual 6
Total bills checked: 7513,
Missing bill in result file: 2,
Bill pass/reject inconsistent: 26,
For count inconsistent : 273, 
Against count inconsistent : 402, 
Abstain count inconsistent : 2

  |2.3.1| Weis-MacBook-Air in ~/Documents/CS_Masters_Thesis/coop-learning/src
±  |master ↑4 {4} U:4 ?:1 ✗| → 

