±  |master {4} U:4 ?:3 ✗| → python partition_stats.py 
['data/partitions_pac_friends_50_runs.txt', 'data/partitions_pac_selective_friends_50_runs.txt', 'data/partitions_pac_value_function_50_runs.txt', 'data/partitions_selective_friends_1_run.txt', 'data/partitions_friends_1_run.txt']

Experiment pac_friends (50 runs)
  Number of Coalitions:
     max: 16,
     min: 10,
     median: 13.0, 
     mean: 12.92, 
     variance: 1.666938775510204
  VI:
     max: 3.292954640837844,
     min: 2.877250920107057,
     median: 2.9872651188862305, 
     mean: 3.018551714049946, 
     variance: 0.009313342707574225
  NVI:
     max: 0.7405858468560476,
     min: 0.7000184663063753,
     median: 0.7189426972637913, 
     mean: 0.7193573373808695, 
     variance: 6.491887624379721e-05
  NID:
     max: 0.6487038489538886,
     min: 0.5768893545376255,
     median: 0.6210430161474607, 
     mean: 0.6172577939083895, 
     variance: 0.0002833734244042151

Experiment pac_selective_friends (50 runs)
  Number of Coalitions:
     max: 25,
     min: 17,
     median: 19.0, 
     mean: 19.74, 
     variance: 3.3391836734693876
  VI:
     max: 3.182761358658508,
     min: 2.6747448966702665,
     median: 2.8748463952243304, 
     mean: 2.877497554125724, 
     variance: 0.014120229499874296
  NVI:
     max: 0.7126253958520902,
     min: 0.6840751878849656,
     median: 0.6996234049974697, 
     mean: 0.6993439402473696, 
     variance: 5.2090098445338576e-05
  NID:
     max: 0.6149813609073539,
     min: 0.5535850293666491,
     median: 0.5984609136854042, 
     mean: 0.598198667807789, 
     variance: 0.0001724445540108699

Experiment pac_value_function (50 runs)
  Number of Coalitions:
     max: 87,
     min: 87,
     median: 87.0, 
     mean: 87, 
     variance: 0
  VI:
     max: 3.323913915083859,
     min: 3.323913915083859,
     median: 3.323913915083859, 
     mean: 3.323913915083859, 
     variance: 0.0
  NVI:
     max: 0.5967714769203889,
     min: 0.5967714769203889,
     median: 0.5967714769203889, 
     mean: 0.5967714769203889, 
     variance: 0.0
  NID:
     max: 0.5260404827797089,
     min: 0.5260404827797089,
     median: 0.5260404827797089, 
     mean: 0.5260404827797089, 
     variance: 0.0

Experiment selective_friends (1 runs)
  Number of Coalitions: 18
  VI: 2.691618522427742
  NVI: 0.6892244678601624
  NID: 0.6055836502636901

Experiment friends (1 runs)
  Number of Coalitions: 1
  VI: 3.0771221102941144
  NVI: 1.0
  NID: 1.0

